<?xml version="1.0" encoding="UTF-8"?>
<!-- Generated by org.testng.reporters.JUnitXMLReporter -->
<testsuite hostname="DESKTOP-6BM3O4I" ignored="4" tests="0" failures="0" timestamp="05 Jan 2023 18:07:22 GMT" time="0.016" errors="0">
  <testcase name="tc1" time="0.0" classname="org.sample.Altoro">
    <ignored/>
  </testcase> <!-- tc1 -->
  <testcase name="tc3" time="0.0" classname="org.sample.Altoro">
    <ignored/>
  </testcase> <!-- tc3 -->
  <testcase name="tc4" time="0.0" classname="org.sample.Altoro">
    <ignored/>
  </testcase> <!-- tc4 -->
  <testcase name="tc2" time="0.0" classname="org.sample.Altoro">
    <ignored/>
  </testcase> <!-- tc2 -->
</testsuite>
