<?xml version="1.0" encoding="UTF-8"?>
<!-- Generated by org.testng.reporters.JUnitXMLReporter -->
<testsuite hostname="DESKTOP-6BM3O4I" ignored="5" name="Test" tests="1" failures="0" timestamp="05 Jan 2023 18:27:23 GMT" time="15.718" errors="0">
  <testcase name="tc6" time="7.921" classname="org.sample.Altoro"/>
  <testcase name="tc1" time="0.0" classname="org.sample.Altoro">
    <ignored/>
  </testcase> <!-- tc1 -->
  <testcase name="tc3" time="0.0" classname="org.sample.Altoro">
    <ignored/>
  </testcase> <!-- tc3 -->
  <testcase name="tc4" time="0.0" classname="org.sample.Altoro">
    <ignored/>
  </testcase> <!-- tc4 -->
  <testcase name="tc2" time="0.0" classname="org.sample.Altoro">
    <ignored/>
  </testcase> <!-- tc2 -->
  <testcase name="tc5" time="0.0" classname="org.sample.Altoro">
    <ignored/>
  </testcase> <!-- tc5 -->
</testsuite> <!-- Test -->
