<?xml version="1.0" encoding="UTF-8"?>
<testng-results skipped="0" failed="0" ignored="5" total="6" passed="1">
  <reporter-output>
  </reporter-output>
  <suite name="Suite" duration-ms="15718" started-at="2023-01-05T18:27:07Z" finished-at="2023-01-05T18:27:23Z">
    <groups>
    </groups>
    <test name="Test" duration-ms="15718" started-at="2023-01-05T18:27:07Z" finished-at="2023-01-05T18:27:23Z">
      <class name="org.sample.Altoro">
        <test-method status="PASS" signature="launcBrowser()[pri:0, instance:org.sample.Altoro@7cd62f43]" name="launcBrowser" is-config="true" duration-ms="7469" started-at="2023-01-05T18:27:07Z" finished-at="2023-01-05T18:27:15Z">
          <reporter-output>
          </reporter-output>
        </test-method> <!-- launcBrowser -->
        <test-method status="PASS" signature="tc6(java.lang.String, java.lang.String)[pri:0, instance:org.sample.Altoro@7cd62f43]" name="tc6" duration-ms="7921" started-at="2023-01-05T18:27:15Z" finished-at="2023-01-05T18:27:23Z">
          <params>
            <param index="0">
              <value>
                <![CDATA[admin]]>
              </value>
            </param>
            <param index="1">
              <value>
                <![CDATA[admin]]>
              </value>
            </param>
          </params>
          <reporter-output>
          </reporter-output>
        </test-method> <!-- tc6 -->
      </class> <!-- org.sample.Altoro -->
    </test> <!-- Test -->
  </suite> <!-- Suite -->
</testng-results>
